<?xml version="1.0" encoding="UTF-8"?>
<!-- Generated by org.testng.reporters.JUnitXMLReporter -->
<testsuite ignored="0" hostname="ThinkAILabs" failures="0" tests="5" name="Default test" time="22.973" errors="0" timestamp="2024-08-05T16:45:59 IST">
  <testcase classname="Nagative_scenarios.UserLoginTest" name="testInvalidEmailFormat" time="3.004"/>
  <testcase classname="Nagative_scenarios.UserLoginTest" name="testInvalidPassword" time="3.181"/>
  <testcase classname="Nagative_scenarios.UserLoginTest" name="testEmptyEmailField" time="2.8"/>
  <testcase classname="Nagative_scenarios.UserLoginTest" name="testEmptyPasswordField" time="2.849"/>
  <testcase classname="Nagative_scenarios.UserLoginTest" name="testBothFieldsEmpty" time="2.702"/>
</testsuite> <!-- Default test -->
