<?xml version="1.0" encoding="UTF-8"?>
<!-- Generated by org.testng.reporters.JUnitXMLReporter -->
<testsuite ignored="0" hostname="ThinkAILabs" failures="0" tests="5" name="testcheck01xml" time="23.854" errors="0" timestamp="2024-08-05T19:32:42 IST">
  <testcase classname="Nagative_scenarios.UserLoginTest" name="testInvalidEmailFormat" time="2.994"/>
  <testcase classname="Nagative_scenarios.UserLoginTest" name="testInvalidPassword" time="3.194"/>
  <testcase classname="Nagative_scenarios.UserLoginTest" name="testEmptyEmailField" time="2.932"/>
  <testcase classname="Nagative_scenarios.UserLoginTest" name="testEmptyPasswordField" time="3.029"/>
  <testcase classname="Nagative_scenarios.UserLoginTest" name="testBothFieldsEmpty" time="2.75"/>
</testsuite> <!-- testcheck01xml -->
