<?xml version="1.0" encoding="UTF-8"?>
<testng-results ignored="0" total="5" passed="5" failed="0" skipped="0">
  <reporter-output>
  </reporter-output>
  <suite started-at="2024-08-05T19:32:18 IST" name="TestSuite" finished-at="2024-08-05T19:32:42 IST" duration-ms="23854">
    <groups>
    </groups>
    <test started-at="2024-08-05T19:32:18 IST" name="testcheck01xml" finished-at="2024-08-05T19:32:42 IST" duration-ms="23854">
      <class name="Nagative_scenarios.UserLoginTest">
        <test-method is-config="true" signature="setUp()[pri:0, instance:Nagative_scenarios.UserLoginTest@7ec7ffd3]" started-at="2024-08-05T19:32:18 IST" name="setUp" finished-at="2024-08-05T19:32:25 IST" duration-ms="7537" status="PASS">
          <reporter-output>
          </reporter-output>
        </test-method> <!-- setUp -->
        <test-method signature="testInvalidEmailFormat()[pri:1, instance:Nagative_scenarios.UserLoginTest@7ec7ffd3]" started-at="2024-08-05T19:32:25 IST" name="testInvalidEmailFormat" finished-at="2024-08-05T19:32:28 IST" duration-ms="2994" status="PASS">
          <reporter-output>
          </reporter-output>
        </test-method> <!-- testInvalidEmailFormat -->
        <test-method signature="testInvalidPassword()[pri:2, instance:Nagative_scenarios.UserLoginTest@7ec7ffd3]" started-at="2024-08-05T19:32:28 IST" name="testInvalidPassword" finished-at="2024-08-05T19:32:31 IST" duration-ms="3194" status="PASS">
          <reporter-output>
          </reporter-output>
        </test-method> <!-- testInvalidPassword -->
        <test-method signature="testEmptyEmailField()[pri:3, instance:Nagative_scenarios.UserLoginTest@7ec7ffd3]" started-at="2024-08-05T19:32:31 IST" name="testEmptyEmailField" finished-at="2024-08-05T19:32:34 IST" duration-ms="2932" status="PASS">
          <reporter-output>
          </reporter-output>
        </test-method> <!-- testEmptyEmailField -->
        <test-method signature="testEmptyPasswordField()[pri:4, instance:Nagative_scenarios.UserLoginTest@7ec7ffd3]" started-at="2024-08-05T19:32:34 IST" name="testEmptyPasswordField" finished-at="2024-08-05T19:32:37 IST" duration-ms="3029" status="PASS">
          <reporter-output>
          </reporter-output>
        </test-method> <!-- testEmptyPasswordField -->
        <test-method signature="testBothFieldsEmpty()[pri:5, instance:Nagative_scenarios.UserLoginTest@7ec7ffd3]" started-at="2024-08-05T19:32:37 IST" name="testBothFieldsEmpty" finished-at="2024-08-05T19:32:40 IST" duration-ms="2750" status="PASS">
          <reporter-output>
          </reporter-output>
        </test-method> <!-- testBothFieldsEmpty -->
        <test-method is-config="true" signature="tearDown()[pri:0, instance:Nagative_scenarios.UserLoginTest@7ec7ffd3]" started-at="2024-08-05T19:32:40 IST" name="tearDown" finished-at="2024-08-05T19:32:42 IST" duration-ms="1340" status="PASS">
          <reporter-output>
          </reporter-output>
        </test-method> <!-- tearDown -->
      </class> <!-- Nagative_scenarios.UserLoginTest -->
    </test> <!-- testcheck01xml -->
  </suite> <!-- TestSuite -->
</testng-results>
