<?xml version="1.0" encoding="UTF-8"?>
<testng-results ignored="0" total="5" passed="5" failed="0" skipped="0">
  <reporter-output>
  </reporter-output>
  <suite started-at="2024-08-05T18:48:29 IST" name="TestSuite" finished-at="2024-08-05T18:48:57 IST" duration-ms="28293">
    <groups>
    </groups>
    <test started-at="2024-08-05T18:48:29 IST" name="testcheck01xml" finished-at="2024-08-05T18:48:57 IST" duration-ms="28293">
      <class name="Nagative_scenarios.UserLoginTest">
        <test-method is-config="true" signature="setUp()[pri:0, instance:Nagative_scenarios.UserLoginTest@71a8adcf]" started-at="2024-08-05T18:48:29 IST" name="setUp" finished-at="2024-08-05T18:48:39 IST" duration-ms="9999" status="PASS">
          <reporter-output>
          </reporter-output>
        </test-method> <!-- setUp -->
        <test-method signature="testInvalidEmailFormat()[pri:1, instance:Nagative_scenarios.UserLoginTest@71a8adcf]" started-at="2024-08-05T18:48:39 IST" name="testInvalidEmailFormat" finished-at="2024-08-05T18:48:42 IST" duration-ms="3143" status="PASS">
          <reporter-output>
          </reporter-output>
        </test-method> <!-- testInvalidEmailFormat -->
        <test-method signature="testInvalidPassword()[pri:2, instance:Nagative_scenarios.UserLoginTest@71a8adcf]" started-at="2024-08-05T18:48:42 IST" name="testInvalidPassword" finished-at="2024-08-05T18:48:46 IST" duration-ms="3713" status="PASS">
          <reporter-output>
          </reporter-output>
        </test-method> <!-- testInvalidPassword -->
        <test-method signature="testEmptyEmailField()[pri:3, instance:Nagative_scenarios.UserLoginTest@71a8adcf]" started-at="2024-08-05T18:48:46 IST" name="testEmptyEmailField" finished-at="2024-08-05T18:48:49 IST" duration-ms="3201" status="PASS">
          <reporter-output>
          </reporter-output>
        </test-method> <!-- testEmptyEmailField -->
        <test-method signature="testEmptyPasswordField()[pri:4, instance:Nagative_scenarios.UserLoginTest@71a8adcf]" started-at="2024-08-05T18:48:49 IST" name="testEmptyPasswordField" finished-at="2024-08-05T18:48:52 IST" duration-ms="3390" status="PASS">
          <reporter-output>
          </reporter-output>
        </test-method> <!-- testEmptyPasswordField -->
        <test-method signature="testBothFieldsEmpty()[pri:5, instance:Nagative_scenarios.UserLoginTest@71a8adcf]" started-at="2024-08-05T18:48:52 IST" name="testBothFieldsEmpty" finished-at="2024-08-05T18:48:56 IST" duration-ms="3291" status="PASS">
          <reporter-output>
          </reporter-output>
        </test-method> <!-- testBothFieldsEmpty -->
        <test-method is-config="true" signature="tearDown()[pri:0, instance:Nagative_scenarios.UserLoginTest@71a8adcf]" started-at="2024-08-05T18:48:56 IST" name="tearDown" finished-at="2024-08-05T18:48:57 IST" duration-ms="1464" status="PASS">
          <reporter-output>
          </reporter-output>
        </test-method> <!-- tearDown -->
      </class> <!-- Nagative_scenarios.UserLoginTest -->
    </test> <!-- testcheck01xml -->
  </suite> <!-- TestSuite -->
</testng-results>
