<?xml version="1.0" encoding="UTF-8"?>
<!-- Generated by org.testng.reporters.JUnitXMLReporter -->
<testsuite ignored="0" hostname="ThinkAILabs" failures="0" tests="5" name="testcheck01xml" time="28.293" errors="0" timestamp="2024-08-05T18:48:57 IST">
  <testcase classname="Nagative_scenarios.UserLoginTest" name="testInvalidEmailFormat" time="3.143"/>
  <testcase classname="Nagative_scenarios.UserLoginTest" name="testInvalidPassword" time="3.713"/>
  <testcase classname="Nagative_scenarios.UserLoginTest" name="testEmptyEmailField" time="3.201"/>
  <testcase classname="Nagative_scenarios.UserLoginTest" name="testEmptyPasswordField" time="3.39"/>
  <testcase classname="Nagative_scenarios.UserLoginTest" name="testBothFieldsEmpty" time="3.291"/>
</testsuite> <!-- testcheck01xml -->
